========================================================================= 
Log Path: ./log/01_create_ds_domain.log 
Program Path: /home/hoangdongnguyen/ROCHE_CODING_ASSESSMENT/question_1_sdtm/01_create_ds_domain.R 
Working Directory: /home/hoangdongnguyen/ROCHE_CODING_ASSESSMENT/question_1_sdtm 
User Name: hoangdongnguyen 
R Version: 4.3.3 (2024-02-29) 
Machine: fedora x86_64 
Operating System: Linux 6.18.8-100.fc42.x86_64 #1 SMP PREEMPT_DYNAMIC Fri Jan 30 19:22:23 UTC 2026 
Base Packages: stats graphics grDevices utils datasets methods base 
Other Packages: logr_1.3.9 common_1.1.5 
Log Start Time: 2026-03-01 19:08:19.295845 
========================================================================= 

Warning: package ‘admiral’ was built under R version 4.4.1 

NOTE: Log Print Time:  2026-03-01 19:08:20.210176 
NOTE: Elapsed Time: 0.913501024246216 secs 

Warning: package ‘gt’ was built under R version 4.4.1 

NOTE: Log Print Time:  2026-03-01 19:08:20.322596 
NOTE: Elapsed Time: 0.112419366836548 secs 

Warning: package ‘pharmaverseraw’ was built under R version 4.4.1 

NOTE: Log Print Time:  2026-03-01 19:08:20.398376 
NOTE: Elapsed Time: 0.075779914855957 secs 

Warning: package ‘sdtm.oak’ was built under R version 4.4.1 

NOTE: Log Print Time:  2026-03-01 19:08:20.406151 
NOTE: Elapsed Time: 0.00777506828308105 secs 

========================================================================= 
Log End Time: 2026-03-01 19:08:22.056652 
Log Elapsed Time: 0 00:00:02 
========================================================================= 
