========================================================================= 
Log Path: ./log/02_create_visualizations.log 
Program Path: /home/hoangdongnguyen/ROCHE_CODING_ASSESSMENT/question_3_tlg/02_create_visualizations.R 
Working Directory: /home/hoangdongnguyen/ROCHE_CODING_ASSESSMENT/question_3_tlg 
User Name: hoangdongnguyen 
R Version: 4.3.3 (2024-02-29) 
Machine: fedora x86_64 
Operating System: Linux 6.18.8-100.fc42.x86_64 #1 SMP PREEMPT_DYNAMIC Fri Jan 30 19:22:23 UTC 2026 
Base Packages: stats graphics grDevices utils datasets methods base 
Other Packages: logr_1.3.9 common_1.1.5 
Log Start Time: 2026-03-01 13:05:08.513292 
========================================================================= 

Warning: package ‘admiral’ was built under R version 4.4.1 

NOTE: Log Print Time:  2026-03-01 13:05:09.413374 
NOTE: Elapsed Time: 0.899250745773315 secs 

Warning: package ‘gt’ was built under R version 4.4.1 

NOTE: Log Print Time:  2026-03-01 13:05:09.524152 
NOTE: Elapsed Time: 0.110778570175171 secs 

Warning: package ‘pharmaverseraw’ was built under R version 4.4.1 

NOTE: Log Print Time:  2026-03-01 13:05:09.600183 
NOTE: Elapsed Time: 0.076030969619751 secs 

Warning: package ‘sdtm.oak’ was built under R version 4.4.1 

NOTE: Log Print Time:  2026-03-01 13:05:09.607859 
NOTE: Elapsed Time: 0.00767612457275391 secs 

========================================================================= 
Log End Time: 2026-03-01 13:05:10.576253 
Log Elapsed Time: 0 00:00:02 
========================================================================= 
