========================================================================= 
Log Path: ./log/01_create_adsl.log 
Program Path: /home/hoangdongnguyen/ROCHE_CODING_ASSESSMENT/question_2_adam/01_create_adsl.R 
Working Directory: /home/hoangdongnguyen/ROCHE_CODING_ASSESSMENT/question_2_adam 
User Name: hoangdongnguyen 
R Version: 4.3.3 (2024-02-29) 
Machine: fedora x86_64 
Operating System: Linux 6.18.8-100.fc42.x86_64 #1 SMP PREEMPT_DYNAMIC Fri Jan 30 19:22:23 UTC 2026 
Base Packages: stats graphics grDevices utils datasets methods base 
Other Packages: logr_1.3.9 common_1.1.5 
Log Start Time: 2026-03-01 22:37:57.873553 
========================================================================= 

Warning: package ‘admiral’ was built under R version 4.4.1 

NOTE: Log Print Time:  2026-03-01 22:37:58.770049 
NOTE: Elapsed Time: 0.895668983459473 secs 

Warning: package ‘gt’ was built under R version 4.4.1 

NOTE: Log Print Time:  2026-03-01 22:37:58.883654 
NOTE: Elapsed Time: 0.11360502243042 secs 

Warning: package ‘pharmaverseraw’ was built under R version 4.4.1 

NOTE: Log Print Time:  2026-03-01 22:37:58.970922 
NOTE: Elapsed Time: 0.0872681140899658 secs 

Warning: package ‘sdtm.oak’ was built under R version 4.4.1 

NOTE: Log Print Time:  2026-03-01 22:37:58.982259 
NOTE: Elapsed Time: 0.0113365650177002 secs 

========================================================================= 
Log End Time: 2026-03-01 22:38:00.531882 
Log Elapsed Time: 0 00:00:02 
========================================================================= 
